[0.018s] Invoking command in '/home/irfan/Desktop/atbots_ws/build/publisher.cpp': /usr/bin/cmake /home/irfan/Desktop/atbots_ws/src/greeting/scripts/publisher.cpp -DCMAKE_INSTALL_PREFIX=/home/irfan/Desktop/atbots_ws/install/publisher.cpp
[0.186s] -- The C compiler identification is GNU 11.4.0
[0.306s] -- The CXX compiler identification is GNU 11.4.0
[0.328s] -- Detecting C compiler ABI info
[0.465s] -- Detecting C compiler ABI info - done
[0.485s] -- Check for working C compiler: /usr/bin/cc - skipped
[0.486s] -- Detecting C compile features
[0.487s] -- Detecting C compile features - done
[0.496s] -- Detecting CXX compiler ABI info
[0.654s] -- Detecting CXX compiler ABI info - done
[0.676s] -- Check for working CXX compiler: /usr/bin/c++ - skipped
[0.677s] -- Detecting CXX compile features
[0.678s] -- Detecting CXX compile features - done
[0.687s] -- Found ament_cmake: 1.3.14 (/opt/ros/humble/share/ament_cmake/cmake)
[0.932s] -- Found Python3: /usr/bin/python3 (found version "3.10.12") found components: Interpreter 
[1.083s] -- Found rclcpp: 16.0.19 (/opt/ros/humble/share/rclcpp/cmake)
[1.150s] -- Found rosidl_generator_c: 3.1.8 (/opt/ros/humble/share/rosidl_generator_c/cmake)
[1.158s] -- Found rosidl_adapter: 3.1.8 (/opt/ros/humble/share/rosidl_adapter/cmake)
[1.172s] -- Found rosidl_generator_cpp: 3.1.8 (/opt/ros/humble/share/rosidl_generator_cpp/cmake)
[1.193s] -- Using all available rosidl_typesupport_c: rosidl_typesupport_fastrtps_c;rosidl_typesupport_introspection_c
[1.219s] -- Using all available rosidl_typesupport_cpp: rosidl_typesupport_fastrtps_cpp;rosidl_typesupport_introspection_cpp
[1.291s] -- Found rmw_implementation_cmake: 6.1.2 (/opt/ros/humble/share/rmw_implementation_cmake/cmake)
[1.297s] -- Found rmw_fastrtps_cpp: 6.2.10 (/opt/ros/humble/share/rmw_fastrtps_cpp/cmake)
[1.482s] -- Found OpenSSL: /usr/lib/x86_64-linux-gnu/libcrypto.so (found version "3.0.2")  
[1.536s] -- Found FastRTPS: /opt/ros/humble/include  
[1.603s] -- Using RMW implementation 'rmw_fastrtps_cpp' as default
[1.617s] -- Looking for pthread.h
[1.754s] -- Looking for pthread.h - found
[1.756s] -- Performing Test CMAKE_HAVE_LIBC_PTHREAD
[1.881s] -- Performing Test CMAKE_HAVE_LIBC_PTHREAD - Success
[1.883s] -- Found Threads: TRUE  
[1.981s] -- Found sensor_msgs: 4.9.1 (/opt/ros/humble/share/sensor_msgs/cmake)
[2.030s] -- Found cv_bridge: 3.2.1 (/opt/ros/humble/share/cv_bridge/cmake)
[2.051s] -- Found ament_lint_auto: 0.12.15 (/opt/ros/humble/share/ament_lint_auto/cmake)
[2.118s] Error parsing '/home/irfan/Desktop/atbots_ws/src/greeting/scripts/publisher.cpp/package.xml':
[2.177s] Traceback (most recent call last):
[2.177s]   File "/opt/ros/humble/share/ament_cmake_core/cmake/core/package_xml_2_cmake.py", line 150, in <module>
[2.177s]     main()
[2.177s]   File "/opt/ros/humble/share/ament_cmake_core/cmake/core/package_xml_2_cmake.py", line 53, in main
[2.177s]     raise e
[2.178s]   File "/opt/ros/humble/share/ament_cmake_core/cmake/core/package_xml_2_cmake.py", line 49, in main
[2.178s]     package = parse_package_string(
[2.178s]   File "/usr/lib/python3/dist-packages/catkin_pkg/package.py", line 788, in parse_package_string
[2.185s]     pkg.validate(warnings=warnings)
[2.185s]   File "/usr/lib/python3/dist-packages/catkin_pkg/package.py", line 330, in validate
[2.185s]     raise InvalidPackage('\n'.join(errors), self.filename)
[2.185s] catkin_pkg.package.InvalidPackage: Error(s) in package '/home/irfan/Desktop/atbots_ws/src/greeting/scripts/publisher.cpp/package.xml':
[2.186s] Package name "publisher.cpp" does not follow naming conventions
[2.207s] [31mCMake Error at /opt/ros/humble/share/ament_cmake_core/cmake/core/ament_package_xml.cmake:95 (message):
[2.207s]   execute_process(/usr/bin/python3
[2.207s]   /opt/ros/humble/share/ament_cmake_core/cmake/core/package_xml_2_cmake.py
[2.207s]   /home/irfan/Desktop/atbots_ws/src/greeting/scripts/publisher.cpp/package.xml
[2.207s]   /home/irfan/Desktop/atbots_ws/build/publisher.cpp/ament_cmake_core/package.cmake)
[2.208s]   returned error code 1
[2.208s] Call Stack (most recent call first):
[2.208s]   /opt/ros/humble/share/ament_cmake_core/cmake/core/ament_package_xml.cmake:49 (_ament_package_xml)
[2.208s]   /opt/ros/humble/share/ament_lint_auto/cmake/ament_lint_auto_find_test_dependencies.cmake:31 (ament_package_xml)
[2.208s]   CMakeLists.txt:25 (ament_lint_auto_find_test_dependencies)
[2.208s] 
[2.209s] [0m
[2.209s] -- Configuring incomplete, errors occurred!
[2.209s] See also "/home/irfan/Desktop/atbots_ws/build/publisher.cpp/CMakeFiles/CMakeOutput.log".
[2.228s] Invoked command in '/home/irfan/Desktop/atbots_ws/build/publisher.cpp' returned '1': /usr/bin/cmake /home/irfan/Desktop/atbots_ws/src/greeting/scripts/publisher.cpp -DCMAKE_INSTALL_PREFIX=/home/irfan/Desktop/atbots_ws/install/publisher.cpp
